<?xml version="1.0"?>
<testsuites tests="8" failures="2">
<testsuite name="k6 thresholds" tests="8" failures="2"><testcase name="http_req_duration{my_tag:Create} - avg&lt;600" />
<testcase name="http_req_duration{my_tag:Create} - p(90)&lt;700" />
<testcase name="http_req_duration - avg&lt;500"><failure message="failed" /></testcase>
<testcase name="http_req_duration - p(95)&lt;1500" />
<testcase name="http_req_duration{my_tag:Get} - avg&lt;600"><failure message="failed" /></testcase>
<testcase name="http_req_duration{my_tag:Get} - p(90)&lt;700" />
<testcase name="http_req_duration{my_tag:Delete} - avg&lt;600" />
<testcase name="http_req_duration{my_tag:Delete} - p(90)&lt;700" />
</testsuite >
</testsuites >